<?xml version="1.0" encoding="UTF-8"?>
<!-- Generated by org.testng.reporters.JUnitXMLReporter -->
<testsuite ignored="0" hostname="DESKTOP-73RFGMK" failures="1" tests="2" name="opencartTest" time="31.125" errors="0" timestamp="2022-11-15T08:17:10 IST">
  <testcase classname="testCases.TC_001_AccountRegistration" name="test_accountregistration" time="4.068"/>
  <testcase classname="testCases.TC_002_Logintest" name="test_login" time="20.725">
    <failure type="java.lang.AssertionError" message="null">
      <![CDATA[java.lang.AssertionError: null
at testCases.TC_002_Logintest.test_login(TC_002_Logintest.java:44)
at java.base/java.util.ArrayList.forEach(ArrayList.java:1511)
... Removed 27 stack frames]]>
    </failure>
  </testcase> <!-- test_login -->
</testsuite> <!-- opencartTest -->
